<?xml version="1.0" encoding="UTF-8"?>
<!-- Generated by org.testng.reporters.JUnitReportReporter -->
<testsuite hostname="IN-GDY1GK3" failures="0" tests="1" name="tests.HerokuTests" time="5.811" errors="0" timestamp="2024-05-05T11:43:06 IST" skipped="0">
  <testcase classname="tests.HerokuTests" name="herokuTableInsert" time="5.811"/>
  <system-out/>
</testsuite> <!-- tests.HerokuTests -->
