<?xml version="1.0" encoding="UTF-8"?>
<!-- Generated by org.testng.reporters.JUnitReportReporter -->
<testsuite hostname="IN-GDY1GK3" failures="0" tests="1" name="tests.TransactionsTest" time="48.501" errors="0" timestamp="2024-02-24T00:37:08 IST" skipped="0">
  <testcase classname="tests.TransactionsTest" name="transactions" time="48.501"/>
  <system-out/>
</testsuite> <!-- tests.TransactionsTest -->
